<?xml version="1.0" encoding="UTF-8"?>
<testng-results skipped="0" failed="0" total="1" passed="1">
  <reporter-output>
  </reporter-output>
  <suite name="Suite Selenium" duration-ms="23491" started-at="2017-03-16T11:52:26Z" finished-at="2017-03-16T11:52:50Z">
    <groups>
    </groups>
    <test name="FirstTest" duration-ms="23491" started-at="2017-03-16T11:52:26Z" finished-at="2017-03-16T11:52:50Z">
      <class name="com.selenium.Launch">
        <test-method status="PASS" signature="f()[pri:0, instance:com.selenium.Launch@632b6836]" name="f" is-config="true" duration-ms="23400" started-at="2017-03-16T12:52:26Z" finished-at="2017-03-16T12:52:50Z">
          <reporter-output>
          </reporter-output>
        </test-method> <!-- f -->
        <test-method status="PASS" signature="test1()[pri:0, instance:com.selenium.Launch@632b6836]" name="test1" duration-ms="60" started-at="2017-03-16T12:52:50Z" finished-at="2017-03-16T12:52:50Z">
          <reporter-output>
          </reporter-output>
        </test-method> <!-- test1 -->
        <test-method status="PASS" signature="closeBrowser()[pri:0, instance:com.selenium.Launch@632b6836]" name="closeBrowser" is-config="true" duration-ms="18" started-at="2017-03-16T12:52:50Z" finished-at="2017-03-16T12:52:50Z">
          <reporter-output>
          </reporter-output>
        </test-method> <!-- closeBrowser -->
      </class> <!-- com.selenium.Launch -->
    </test> <!-- FirstTest -->
  </suite> <!-- Suite Selenium -->
</testng-results>
